<?xml version="1.0" encoding="UTF-8"?>
<testsuite xmlns:xsi="http://www.w3.org/2001/XMLSchema-instance" xsi:noNamespaceSchemaLocation="https://maven.apache.org/surefire/maven-surefire-plugin/xsd/surefire-test-report-3.0.xsd" version="3.0" name="TestSuite" time="160.877" tests="11" errors="0" skipped="0" failures="2">
  <properties>
[...]
</properties>
  <testcase name="Homepage" classname="Testcases.Homepage_TC" time="7.093">
    <system-err><![CDATA[Starting ChromeDriver 96.0.4664.35 (8df3babf8da8faa8aacb78f4848ef66a93b4944b-refs/branch-heads/4664@{#680}) on port 29115
Only local connections are allowed.
Please see https://chromedriver.chromium.org/security-considerations for suggestions on keeping ChromeDriver safe.
ChromeDriver was started successfully.
Nov 22, 2021 1:48:24 PM org.openqa.selenium.remote.ProtocolHandshake createSession
INFO: Detected dialect: W3C
]]></system-err>
  </testcase>
  <testcase name="ContactPage" classname="Testcases.Contactpage_TC" time="15.101"/>
  <testcase name="Newsletter_Locator" classname="Testcases.Newsletter_locator_TC" time="6.47">
    <failure message="expected [Newsletter] but found [404: Page Not Found | Mailchimp]" type="java.lang.AssertionError"><![CDATA[java.lang.AssertionError: expected [Newsletter] but found [404: Page Not Found | Mailchimp]
	at Testcases.Newsletter_locator_TC.Newsletter_Locator(Newsletter_locator_TC.java:42)
]]></failure>
  </testcase>
  <testcase name="Search" classname="Testcases.SearchAction_TC" time="10.107"/>
  <testcase name="AddGift" classname="Testcases.AddGiftcard_TC" time="12.272"/>
  <testcase name="cartcheckout" classname="Testcases.CartCheckout_TC" time="19.413"/>
  <testcase name="Hover" classname="Testcases.Hoveraction_TC" time="15.378"/>
  <testcase name="AllTab" classname="Testcases.AllproductTab_TC" time="14.451"/>
  <testcase name="christmas" classname="Testcases.Christmastab_TC" time="14.329"/>
  <testcase name="wishlist" classname="Testcases.Wishlistpage_TC" time="16.897"/>
  <testcase name="Loginpage" classname="Testcases.Loginpage_TC" time="21.433">
    <failure message="no such element: Unable to locate element: {&quot;method&quot;:&quot;xpath&quot;,&quot;selector&quot;:&quot;//a[@id=&apos;customer_logout_link&apos;]&quot;}&#10;  (Session info: chrome=96.0.4664.45)&#10;For documentation on this error, please visit: https://www.seleniumhq.org/exceptions/no_such_element.html&#10;Build info: version: &apos;3.141.59&apos;, revision: &apos;e82be7d358&apos;, time: &apos;2018-11-14T08:17:03&apos;&#10;System info: host: &apos;MT-10CHR93&apos;, ip: &apos;192.168.157.154&apos;, os.name: &apos;Windows 10&apos;, os.arch: &apos;amd64&apos;, os.version: &apos;10.0&apos;, java.version: &apos;16.0.2&apos;&#10;Driver info: org.openqa.selenium.chrome.ChromeDriver&#10;Capabilities {acceptInsecureCerts: false, browserName: chrome, browserVersion: 96.0.4664.45, chrome: {chromedriverVersion: 96.0.4664.35 (8df3babf8da8f..., userDataDir: C:\Users\M1073149\AppData\L...}, goog:chromeOptions: {debuggerAddress: localhost:56830}, javascriptEnabled: true, networkConnectionEnabled: false, pageLoadStrategy: normal, platform: WINDOWS, platformName: WINDOWS, proxy: Proxy(), setWindowRect: true, strictFileInteractability: false, timeouts: {implicit: 0, pageLoad: 300000, script: 30000}, unhandledPromptBehavior: dismiss and notify, webauthn:extension:credBlob: true, webauthn:extension:largeBlob: true, webauthn:virtualAuthenticators: true}&#10;Session ID: 1ebafb70f669beca1241c38f8bccebcf&#10;*** Element info: {Using=xpath, value=//a[@id=&apos;customer_logout_link&apos;]}" type="org.openqa.selenium.NoSuchElementException"><![CDATA[org.openqa.selenium.NoSuchElementException: 
no such element: Unable to locate element: {"method":"xpath","selector":"//a[@id='customer_logout_link']"}
  (Session info: chrome=96.0.4664.45)
For documentation on this error, please visit: https://www.seleniumhq.org/exceptions/no_such_element.html
Build info: version: '3.141.59', revision: 'e82be7d358', time: '2018-11-14T08:17:03'
System info: host: 'MT-10CHR93', ip: '192.168.157.154', os.name: 'Windows 10', os.arch: 'amd64', os.version: '10.0', java.version: '16.0.2'
Driver info: org.openqa.selenium.chrome.ChromeDriver
Capabilities {acceptInsecureCerts: false, browserName: chrome, browserVersion: 96.0.4664.45, chrome: {chromedriverVersion: 96.0.4664.35 (8df3babf8da8f..., userDataDir: C:\Users\M1073149\AppData\L...}, goog:chromeOptions: {debuggerAddress: localhost:56830}, javascriptEnabled: true, networkConnectionEnabled: false, pageLoadStrategy: normal, platform: WINDOWS, platformName: WINDOWS, proxy: Proxy(), setWindowRect: true, strictFileInteractability: false, timeouts: {implicit: 0, pageLoad: 300000, script: 30000}, unhandledPromptBehavior: dismiss and notify, webauthn:extension:credBlob: true, webauthn:extension:largeBlob: true, webauthn:virtualAuthenticators: true}
Session ID: 1ebafb70f669beca1241c38f8bccebcf
*** Element info: {Using=xpath, value=//a[@id='customer_logout_link']}
	at Testcases.Loginpage_TC.Loginpage(Loginpage_TC.java:66)
]]></failure>
  </testcase>
</testsuite>